# JRE version: OpenJDK Runtime Environment (17.0.10) (build 17.0.10+0--11572160)
# Java VM: OpenJDK 64-Bit Server VM (17.0.10+0--11572160, mixed mode, tiered, compressed oops, compressed class ptrs, g1 gc, windows-amd64)
GC Precious Log:
 CPUs: 12 total, 12 available
 Memory: 24339M
 Large Page Support: Disabled
 NUMA Support: Disabled
 Compressed Oops: Enabled (Zero based)
 Heap Region Size: 4M
 Heap Min Capacity: 8M
 Heap Initial Capacity: 384M
 Heap Max Capacity: 6088M
 Pre-touch: Disabled
 Parallel Workers: 10
 Concurrent Workers: 3
 Concurrent Refinement Workers: 10
 Periodic GC: Disabled
Heap:
 garbage-first heap   total 110592K, used 77413K [0x0000000482400000, 0x00000005fec00000)
  region size 4096K, 9 young (36864K), 1 survivors (4096K)
 Metaspace       used 58652K, committed 58880K, reserved 1114112K
  class space    used 7043K, committed 7168K, reserved 1048576K
GC Heap History (20 events):
Event: 1.209 GC heap before
{Heap before GC invocations=1 (full 0):
 garbage-first heap   total 393216K, used 31120K [0x0000000482400000, 0x00000005fec00000)
  region size 4096K, 7 young (28672K), 1 survivors (4096K)
 Metaspace       used 17505K, committed 17600K, reserved 1114112K
  class space    used 1768K, committed 1792K, reserved 1048576K
}
Event: 1.213 GC heap after
{Heap after GC invocations=2 (full 0):
 garbage-first heap   total 393216K, used 9627K [0x0000000482400000, 0x00000005fec00000)
  region size 4096K, 1 young (4096K), 1 survivors (4096K)
 Metaspace       used 17505K, committed 17600K, reserved 1114112K
  class space    used 1768K, committed 1792K, reserved 1048576K
}
Event: 1.474 GC heap before
{Heap before GC invocations=2 (full 0):
 garbage-first heap   total 393216K, used 21915K [0x0000000482400000, 0x00000005fec00000)
  region size 4096K, 5 young (20480K), 1 survivors (4096K)
 Metaspace       used 21335K, committed 21504K, reserved 1114112K
  class space    used 2338K, committed 2432K, reserved 1048576K
}
Event: 1.477 GC heap after
{Heap after GC invocations=3 (full 0):
 garbage-first heap   total 393216K, used 10573K [0x0000000482400000, 0x00000005fec00000)
  region size 4096K, 2 young (8192K), 2 survivors (8192K)
 Metaspace       used 21335K, committed 21504K, reserved 1114112K
  class space    used 2338K, committed 2432K, reserved 1048576K
}
Event: 2.104 GC heap before
{Heap before GC invocations=4 (full 0):
 garbage-first heap   total 69632K, used 43341K [0x0000000482400000, 0x00000005fec00000)
  region size 4096K, 10 young (40960K), 2 survivors (8192K)
 Metaspace       used 30091K, committed 30336K, reserved 1114112K
  class space    used 3773K, committed 3904K, reserved 1048576K
}
Event: 2.111 GC heap after
{Heap after GC invocations=5 (full 0):
 garbage-first heap   total 69632K, used 13328K [0x0000000482400000, 0x00000005fec00000)
  region size 4096K, 2 young (8192K), 2 survivors (8192K)
 Metaspace       used 30091K, committed 30336K, reserved 1114112K
  class space    used 3773K, committed 3904K, reserved 1048576K
}
Event: 2.155 GC heap before
{Heap before GC invocations=5 (full 0):
 garbage-first heap   total 69632K, used 17424K [0x0000000482400000, 0x00000005fec00000)
  region size 4096K, 3 young (12288K), 2 survivors (8192K)
 Metaspace       used 30100K, committed 30336K, reserved 1114112K
  class space    used 3773K, committed 3904K, reserved 1048576K
}
Event: 2.167 GC heap after
{Heap after GC invocations=6 (full 0):
 garbage-first heap   total 69632K, used 14379K [0x0000000482400000, 0x00000005fec00000)
  region size 4096K, 1 young (4096K), 1 survivors (4096K)
 Metaspace       used 30100K, committed 30336K, reserved 1114112K
  class space    used 3773K, committed 3904K, reserved 1048576K
}
Event: 2.556 GC heap before
{Heap before GC invocations=6 (full 0):
 garbage-first heap   total 69632K, used 43051K [0x0000000482400000, 0x00000005fec00000)
  region size 4096K, 8 young (32768K), 1 survivors (4096K)
 Metaspace       used 34540K, committed 34752K, reserved 1114112K
  class space    used 4456K, committed 4544K, reserved 1048576K
}
Event: 2.569 GC heap after
{Heap after GC invocations=7 (full 0):
 garbage-first heap   total 69632K, used 21030K [0x0000000482400000, 0x00000005fec00000)
  region size 4096K, 1 young (4096K), 1 survivors (4096K)
 Metaspace       used 34540K, committed 34752K, reserved 1114112K
  class space    used 4456K, committed 4544K, reserved 1048576K
}
Event: 2.733 GC heap before
{Heap before GC invocations=7 (full 0):
 garbage-first heap   total 69632K, used 29222K [0x0000000482400000, 0x00000005fec00000)
  region size 4096K, 4 young (16384K), 1 survivors (4096K)
 Metaspace       used 35961K, committed 36160K, reserved 1114112K
  class space    used 4621K, committed 4736K, reserved 1048576K
}
Event: 2.743 GC heap after
{Heap after GC invocations=8 (full 0):
 garbage-first heap   total 233472K, used 23173K [0x0000000482400000, 0x00000005fec00000)
  region size 4096K, 1 young (4096K), 1 survivors (4096K)
 Metaspace       used 35961K, committed 36160K, reserved 1114112K
  class space    used 4621K, committed 4736K, reserved 1048576K
}
Event: 3.934 GC heap before
{Heap before GC invocations=9 (full 0):
 garbage-first heap   total 110592K, used 84613K [0x0000000482400000, 0x00000005fec00000)
  region size 4096K, 17 young (69632K), 1 survivors (4096K)
 Metaspace       used 48028K, committed 48320K, reserved 1114112K
  class space    used 5889K, committed 6016K, reserved 1048576K
}
Event: 3.949 GC heap after
{Heap after GC invocations=10 (full 0):
 garbage-first heap   total 110592K, used 31934K [0x0000000482400000, 0x00000005fec00000)
  region size 4096K, 3 young (12288K), 3 survivors (12288K)
 Metaspace       used 48028K, committed 48320K, reserved 1114112K
  class space    used 5889K, committed 6016K, reserved 1048576K
}
Event: 3.962 GC heap before
{Heap before GC invocations=10 (full 0):
 garbage-first heap   total 110592K, used 36030K [0x0000000482400000, 0x00000005fec00000)
  region size 4096K, 4 young (16384K), 3 survivors (12288K)
 Metaspace       used 48047K, committed 48320K, reserved 1114112K
  class space    used 5889K, committed 6016K, reserved 1048576K
}
Event: 3.978 GC heap after
{Heap after GC invocations=11 (full 0):
 garbage-first heap   total 110592K, used 34538K [0x0000000482400000, 0x00000005fec00000)
  region size 4096K, 1 young (4096K), 1 survivors (4096K)
 Metaspace       used 48047K, committed 48320K, reserved 1114112K
  class space    used 5889K, committed 6016K, reserved 1048576K
}
Event: 4.587 GC heap before
{Heap before GC invocations=11 (full 0):
 garbage-first heap   total 110592K, used 75498K [0x0000000482400000, 0x00000005fec00000)
  region size 4096K, 11 young (45056K), 1 survivors (4096K)
 Metaspace       used 51357K, committed 51584K, reserved 1114112K
  class space    used 6260K, committed 6336K, reserved 1048576K
}
Event: 4.603 GC heap after
{Heap after GC invocations=12 (full 0):
 garbage-first heap   total 110592K, used 38832K [0x0000000482400000, 0x00000005fec00000)
  region size 4096K, 2 young (8192K), 2 survivors (8192K)
 Metaspace       used 51357K, committed 51584K, reserved 1114112K
  class space    used 6260K, committed 6336K, reserved 1048576K
}
Event: 5.542 GC heap before
{Heap before GC invocations=12 (full 0):
 garbage-first heap   total 110592K, used 75696K [0x0000000482400000, 0x00000005fec00000)
  region size 4096K, 11 young (45056K), 2 survivors (8192K)
 Metaspace       used 56690K, committed 56960K, reserved 1114112K
  class space    used 6838K, committed 6976K, reserved 1048576K
}
Event: 5.564 GC heap after
{Heap after GC invocations=13 (full 0):
 garbage-first heap   total 110592K, used 44645K [0x0000000482400000, 0x00000005fec00000)
  region size 4096K, 2 young (8192K), 2 survivors (8192K)
 Metaspace       used 56690K, committed 56960K, reserved 1114112K
  class space    used 6838K, committed 6976K, reserved 1048576K
}

