# JRE version: OpenJDK Runtime Environment (17.0.10) (build 17.0.10+0--11572160)
# Java VM: OpenJDK 64-Bit Server VM (17.0.10+0--11572160, mixed mode, tiered, compressed oops, compressed class ptrs, g1 gc, windows-amd64)
GC Precious Log:
 CPUs: 12 total, 12 available
 Memory: 24339M
 Large Page Support: Disabled
 NUMA Support: Disabled
 Compressed Oops: Enabled (32-bit)
 Heap Region Size: 1M
 Heap Min Capacity: 8M
 Heap Initial Capacity: 382M
 Heap Max Capacity: 2G
 Pre-touch: Disabled
 Parallel Workers: 10
 Concurrent Workers: 3
 Concurrent Refinement Workers: 10
 Periodic GC: Disabled
Heap:
 garbage-first heap   total 225280K, used 176535K [0x0000000080000000, 0x0000000100000000)
  region size 1024K, 116 young (118784K), 11 survivors (11264K)
 Metaspace       used 69100K, committed 69696K, reserved 1114112K
  class space    used 9433K, committed 9728K, reserved 1048576K
GC Heap History (20 events):
Event: 1.146 GC heap before
{Heap before GC invocations=2 (full 0):
 garbage-first heap   total 391168K, used 61534K [0x0000000080000000, 0x0000000100000000)
  region size 1024K, 50 young (51200K), 1 survivors (1024K)
 Metaspace       used 21271K, committed 21504K, reserved 1114112K
  class space    used 2502K, committed 2624K, reserved 1048576K
}
Event: 1.150 GC heap after
{Heap after GC invocations=3 (full 0):
 garbage-first heap   total 391168K, used 19249K [0x0000000080000000, 0x0000000100000000)
  region size 1024K, 9 young (9216K), 9 survivors (9216K)
 Metaspace       used 21271K, committed 21504K, reserved 1114112K
  class space    used 2502K, committed 2624K, reserved 1048576K
}
Event: 1.498 GC heap before
{Heap before GC invocations=4 (full 0):
 garbage-first heap   total 71680K, used 52017K [0x0000000080000000, 0x0000000100000000)
  region size 1024K, 42 young (43008K), 9 survivors (9216K)
 Metaspace       used 26240K, committed 26496K, reserved 1114112K
  class space    used 3368K, committed 3456K, reserved 1048576K
}
Event: 1.501 GC heap after
{Heap after GC invocations=5 (full 0):
 garbage-first heap   total 71680K, used 20772K [0x0000000080000000, 0x0000000100000000)
  region size 1024K, 2 young (2048K), 2 survivors (2048K)
 Metaspace       used 26240K, committed 26496K, reserved 1114112K
  class space    used 3368K, committed 3456K, reserved 1048576K
}
Event: 1.800 GC heap before
{Heap before GC invocations=5 (full 0):
 garbage-first heap   total 71680K, used 49444K [0x0000000080000000, 0x0000000100000000)
  region size 1024K, 31 young (31744K), 2 survivors (2048K)
 Metaspace       used 30340K, committed 30592K, reserved 1114112K
  class space    used 4061K, committed 4160K, reserved 1048576K
}
Event: 1.803 GC heap after
{Heap after GC invocations=6 (full 0):
 garbage-first heap   total 71680K, used 22526K [0x0000000080000000, 0x0000000100000000)
  region size 1024K, 4 young (4096K), 4 survivors (4096K)
 Metaspace       used 30340K, committed 30592K, reserved 1114112K
  class space    used 4061K, committed 4160K, reserved 1048576K
}
Event: 2.076 GC heap before
{Heap before GC invocations=6 (full 0):
 garbage-first heap   total 71680K, used 52222K [0x0000000080000000, 0x0000000100000000)
  region size 1024K, 33 young (33792K), 4 survivors (4096K)
 Metaspace       used 34030K, committed 34368K, reserved 1114112K
  class space    used 4659K, committed 4800K, reserved 1048576K
}
Event: 2.079 GC heap after
{Heap after GC invocations=7 (full 0):
 garbage-first heap   total 71680K, used 23779K [0x0000000080000000, 0x0000000100000000)
  region size 1024K, 4 young (4096K), 4 survivors (4096K)
 Metaspace       used 34030K, committed 34368K, reserved 1114112K
  class space    used 4659K, committed 4800K, reserved 1048576K
}
Event: 2.205 GC heap before
{Heap before GC invocations=7 (full 0):
 garbage-first heap   total 71680K, used 31971K [0x0000000080000000, 0x0000000100000000)
  region size 1024K, 13 young (13312K), 4 survivors (4096K)
 Metaspace       used 35638K, committed 35968K, reserved 1114112K
  class space    used 4878K, committed 5056K, reserved 1048576K
}
Event: 2.208 GC heap after
{Heap after GC invocations=8 (full 0):
 garbage-first heap   total 71680K, used 24216K [0x0000000080000000, 0x0000000100000000)
  region size 1024K, 2 young (2048K), 2 survivors (2048K)
 Metaspace       used 35638K, committed 35968K, reserved 1114112K
  class space    used 4878K, committed 5056K, reserved 1048576K
}
Event: 2.466 GC heap before
{Heap before GC invocations=9 (full 0):
 garbage-first heap   total 71680K, used 53912K [0x0000000080000000, 0x0000000100000000)
  region size 1024K, 32 young (32768K), 2 survivors (2048K)
 Metaspace       used 40769K, committed 41088K, reserved 1114112K
  class space    used 5416K, committed 5568K, reserved 1048576K
}
Event: 2.495 GC heap after
{Heap after GC invocations=10 (full 0):
 garbage-first heap   total 71680K, used 27959K [0x0000000080000000, 0x0000000100000000)
  region size 1024K, 4 young (4096K), 4 survivors (4096K)
 Metaspace       used 40769K, committed 41088K, reserved 1114112K
  class space    used 5416K, committed 5568K, reserved 1048576K
}
Event: 2.643 GC heap before
{Heap before GC invocations=10 (full 0):
 garbage-first heap   total 71680K, used 55607K [0x0000000080000000, 0x0000000100000000)
  region size 1024K, 31 young (31744K), 4 survivors (4096K)
 Metaspace       used 42050K, committed 42432K, reserved 1114112K
  class space    used 5604K, committed 5760K, reserved 1048576K
}
Event: 2.670 GC heap after
{Heap after GC invocations=11 (full 0):
 garbage-first heap   total 71680K, used 29751K [0x0000000080000000, 0x0000000100000000)
  region size 1024K, 2 young (2048K), 2 survivors (2048K)
 Metaspace       used 42050K, committed 42432K, reserved 1114112K
  class space    used 5604K, committed 5760K, reserved 1048576K
}
Event: 2.957 GC heap before
{Heap before GC invocations=11 (full 0):
 garbage-first heap   total 71680K, used 55351K [0x0000000080000000, 0x0000000100000000)
  region size 1024K, 28 young (28672K), 2 survivors (2048K)
 Metaspace       used 45428K, committed 45888K, reserved 1114112K
  class space    used 6183K, committed 6400K, reserved 1048576K
}
Event: 2.979 GC heap after
{Heap after GC invocations=12 (full 0):
 garbage-first heap   total 231424K, used 31857K [0x0000000080000000, 0x0000000100000000)
  region size 1024K, 4 young (4096K), 4 survivors (4096K)
 Metaspace       used 45428K, committed 45888K, reserved 1114112K
  class space    used 6183K, committed 6400K, reserved 1048576K
}
Event: 4.165 GC heap before
{Heap before GC invocations=12 (full 0):
 garbage-first heap   total 231424K, used 167025K [0x0000000080000000, 0x0000000100000000)
  region size 1024K, 135 young (138240K), 4 survivors (4096K)
 Metaspace       used 56764K, committed 57280K, reserved 1114112K
  class space    used 7823K, committed 8064K, reserved 1048576K
}
Event: 4.202 GC heap after
{Heap after GC invocations=13 (full 0):
 garbage-first heap   total 231424K, used 41554K [0x0000000080000000, 0x0000000100000000)
  region size 1024K, 14 young (14336K), 14 survivors (14336K)
 Metaspace       used 56764K, committed 57280K, reserved 1114112K
  class space    used 7823K, committed 8064K, reserved 1048576K
}
Event: 4.584 GC heap before
{Heap before GC invocations=13 (full 0):
 garbage-first heap   total 231424K, used 114258K [0x0000000080000000, 0x0000000100000000)
  region size 1024K, 72 young (73728K), 14 survivors (14336K)
 Metaspace       used 59623K, committed 60160K, reserved 1114112K
  class space    used 8201K, committed 8448K, reserved 1048576K
}
Event: 4.591 GC heap after
{Heap after GC invocations=14 (full 0):
 garbage-first heap   total 231424K, used 64919K [0x0000000080000000, 0x0000000100000000)
  region size 1024K, 11 young (11264K), 11 survivors (11264K)
 Metaspace       used 59623K, committed 60160K, reserved 1114112K
  class space    used 8201K, committed 8448K, reserved 1048576K
}

