# JRE version: OpenJDK Runtime Environment (17.0.10) (build 17.0.10+0--11572160)
# Java VM: OpenJDK 64-Bit Server VM (17.0.10+0--11572160, mixed mode, tiered, compressed oops, compressed class ptrs, g1 gc, windows-amd64)
GC Precious Log:
 CPUs: 12 total, 12 available
 Memory: 24339M
 Large Page Support: Disabled
 NUMA Support: Disabled
 Compressed Oops: Enabled (32-bit)
 Heap Region Size: 1M
 Heap Min Capacity: 8M
 Heap Initial Capacity: 382M
 Heap Max Capacity: 2G
 Pre-touch: Disabled
 Parallel Workers: 10
 Concurrent Workers: 3
 Concurrent Refinement Workers: 10
 Periodic GC: Disabled
Heap:
 garbage-first heap   total 225280K, used 175998K [0x0000000080000000, 0x0000000100000000)
  region size 1024K, 105 young (107520K), 13 survivors (13312K)
 Metaspace       used 83112K, committed 83776K, reserved 1179648K
  class space    used 11376K, committed 11712K, reserved 1048576K
GC Heap History (20 events):
Event: 2.193 GC heap before
{Heap before GC invocations=7 (full 0):
 garbage-first heap   total 71680K, used 50992K [0x0000000080000000, 0x0000000100000000)
  region size 1024K, 31 young (31744K), 2 survivors (2048K)
 Metaspace       used 34198K, committed 34496K, reserved 1114112K
  class space    used 4682K, committed 4864K, reserved 1048576K
}
Event: 2.195 GC heap after
{Heap after GC invocations=8 (full 0):
 garbage-first heap   total 71680K, used 23674K [0x0000000080000000, 0x0000000100000000)
  region size 1024K, 4 young (4096K), 4 survivors (4096K)
 Metaspace       used 34198K, committed 34496K, reserved 1114112K
  class space    used 4682K, committed 4864K, reserved 1048576K
}
Event: 2.269 GC heap before
{Heap before GC invocations=8 (full 0):
 garbage-first heap   total 71680K, used 30842K [0x0000000080000000, 0x0000000100000000)
  region size 1024K, 13 young (13312K), 4 survivors (4096K)
 Metaspace       used 35829K, committed 36096K, reserved 1114112K
  class space    used 4922K, committed 5056K, reserved 1048576K
}
Event: 2.271 GC heap after
{Heap after GC invocations=9 (full 0):
 garbage-first heap   total 231424K, used 24291K [0x0000000080000000, 0x0000000100000000)
  region size 1024K, 2 young (2048K), 2 survivors (2048K)
 Metaspace       used 35829K, committed 36096K, reserved 1114112K
  class space    used 4922K, committed 5056K, reserved 1048576K
}
Event: 2.593 GC heap before
{Heap before GC invocations=10 (full 0):
 garbage-first heap   total 86016K, used 72419K [0x0000000080000000, 0x0000000100000000)
  region size 1024K, 50 young (51200K), 2 survivors (2048K)
 Metaspace       used 41886K, committed 42240K, reserved 1114112K
  class space    used 5600K, committed 5760K, reserved 1048576K
}
Event: 2.597 GC heap after
{Heap after GC invocations=11 (full 0):
 garbage-first heap   total 86016K, used 28866K [0x0000000080000000, 0x0000000100000000)
  region size 1024K, 7 young (7168K), 7 survivors (7168K)
 Metaspace       used 41886K, committed 42240K, reserved 1114112K
  class space    used 5600K, committed 5760K, reserved 1048576K
}
Event: 2.915 GC heap before
{Heap before GC invocations=11 (full 0):
 garbage-first heap   total 86016K, used 66754K [0x0000000080000000, 0x0000000100000000)
  region size 1024K, 44 young (45056K), 7 survivors (7168K)
 Metaspace       used 45814K, committed 46272K, reserved 1114112K
  class space    used 6251K, committed 6464K, reserved 1048576K
}
Event: 2.919 GC heap after
{Heap after GC invocations=12 (full 0):
 garbage-first heap   total 86016K, used 30579K [0x0000000080000000, 0x0000000100000000)
  region size 1024K, 3 young (3072K), 3 survivors (3072K)
 Metaspace       used 45814K, committed 46272K, reserved 1114112K
  class space    used 6251K, committed 6464K, reserved 1048576K
}
Event: 3.282 GC heap before
{Heap before GC invocations=12 (full 0):
 garbage-first heap   total 86016K, used 66419K [0x0000000080000000, 0x0000000100000000)
  region size 1024K, 38 young (38912K), 3 survivors (3072K)
 Metaspace       used 50362K, committed 50880K, reserved 1114112K
  class space    used 6938K, committed 7168K, reserved 1048576K
}
Event: 3.284 GC heap after
{Heap after GC invocations=13 (full 0):
 garbage-first heap   total 86016K, used 32373K [0x0000000080000000, 0x0000000100000000)
  region size 1024K, 5 young (5120K), 5 survivors (5120K)
 Metaspace       used 50362K, committed 50880K, reserved 1114112K
  class space    used 6938K, committed 7168K, reserved 1048576K
}
Event: 3.604 GC heap before
{Heap before GC invocations=13 (full 0):
 garbage-first heap   total 86016K, used 68213K [0x0000000080000000, 0x0000000100000000)
  region size 1024K, 39 young (39936K), 5 survivors (5120K)
 Metaspace       used 54720K, committed 55232K, reserved 1114112K
  class space    used 7527K, committed 7744K, reserved 1048576K
}
Event: 3.608 GC heap after
{Heap after GC invocations=14 (full 0):
 garbage-first heap   total 86016K, used 34174K [0x0000000080000000, 0x0000000100000000)
  region size 1024K, 4 young (4096K), 4 survivors (4096K)
 Metaspace       used 54720K, committed 55232K, reserved 1114112K
  class space    used 7527K, committed 7744K, reserved 1048576K
}
Event: 4.038 GC heap before
{Heap before GC invocations=14 (full 0):
 garbage-first heap   total 86016K, used 67966K [0x0000000080000000, 0x0000000100000000)
  region size 1024K, 38 young (38912K), 4 survivors (4096K)
 Metaspace       used 56702K, committed 57216K, reserved 1114112K
  class space    used 7858K, committed 8128K, reserved 1048576K
}
Event: 4.049 GC heap after
{Heap after GC invocations=15 (full 0):
 garbage-first heap   total 238592K, used 40174K [0x0000000080000000, 0x0000000100000000)
  region size 1024K, 5 young (5120K), 5 survivors (5120K)
 Metaspace       used 56702K, committed 57216K, reserved 1114112K
  class space    used 7858K, committed 8128K, reserved 1048576K
}
Event: 4.531 GC heap before
{Heap before GC invocations=15 (full 0):
 garbage-first heap   total 238592K, used 138478K [0x0000000080000000, 0x0000000100000000)
  region size 1024K, 88 young (90112K), 5 survivors (5120K)
 Metaspace       used 59914K, committed 60416K, reserved 1114112K
  class space    used 8263K, committed 8512K, reserved 1048576K
}
Event: 4.539 GC heap after
{Heap after GC invocations=16 (full 0):
 garbage-first heap   total 238592K, used 64370K [0x0000000080000000, 0x0000000100000000)
  region size 1024K, 15 young (15360K), 15 survivors (15360K)
 Metaspace       used 59914K, committed 60416K, reserved 1114112K
  class space    used 8263K, committed 8512K, reserved 1048576K
}
Event: 5.476 GC heap before
{Heap before GC invocations=17 (full 0):
 garbage-first heap   total 225280K, used 181106K [0x0000000080000000, 0x0000000100000000)
  region size 1024K, 124 young (126976K), 15 survivors (15360K)
 Metaspace       used 69663K, committed 70208K, reserved 1114112K
  class space    used 9533K, committed 9792K, reserved 1048576K
}
Event: 5.484 GC heap after
{Heap after GC invocations=18 (full 0):
 garbage-first heap   total 225280K, used 72674K [0x0000000080000000, 0x0000000100000000)
  region size 1024K, 8 young (8192K), 8 survivors (8192K)
 Metaspace       used 69663K, committed 70208K, reserved 1114112K
  class space    used 9533K, committed 9792K, reserved 1048576K
}
Event: 6.121 GC heap before
{Heap before GC invocations=18 (full 0):
 garbage-first heap   total 225280K, used 175074K [0x0000000080000000, 0x0000000100000000)
  region size 1024K, 104 young (106496K), 8 survivors (8192K)
 Metaspace       used 78807K, committed 79424K, reserved 1179648K
  class space    used 10785K, committed 11072K, reserved 1048576K
}
Event: 6.127 GC heap after
{Heap after GC invocations=19 (full 0):
 garbage-first heap   total 225280K, used 81790K [0x0000000080000000, 0x0000000100000000)
  region size 1024K, 13 young (13312K), 13 survivors (13312K)
 Metaspace       used 78807K, committed 79424K, reserved 1179648K
  class space    used 10785K, committed 11072K, reserved 1048576K
}

