# JRE version: OpenJDK Runtime Environment (17.0.10) (build 17.0.10+0--11572160)
# Java VM: OpenJDK 64-Bit Server VM (17.0.10+0--11572160, mixed mode, tiered, compressed oops, compressed class ptrs, g1 gc, windows-amd64)
GC Precious Log:
 CPUs: 12 total, 12 available
 Memory: 24339M
 Large Page Support: Disabled
 NUMA Support: Disabled
 Compressed Oops: Enabled (32-bit)
 Heap Region Size: 1M
 Heap Min Capacity: 8M
 Heap Initial Capacity: 382M
 Heap Max Capacity: 2G
 Pre-touch: Disabled
 Parallel Workers: 10
 Concurrent Workers: 3
 Concurrent Refinement Workers: 10
 Periodic GC: Disabled
Heap:
 garbage-first heap   total 270336K, used 126747K [0x0000000080000000, 0x0000000100000000)
  region size 1024K, 20 young (20480K), 6 survivors (6144K)
 Metaspace       used 102737K, committed 103552K, reserved 1179648K
  class space    used 14452K, committed 14848K, reserved 1048576K
GC Heap History (20 events):
Event: 3.840 GC heap before
{Heap before GC invocations=12 (full 0):
 garbage-first heap   total 231424K, used 131374K [0x0000000080000000, 0x0000000100000000)
  region size 1024K, 88 young (90112K), 12 survivors (12288K)
 Metaspace       used 59824K, committed 60416K, reserved 1114112K
  class space    used 8275K, committed 8576K, reserved 1048576K
}
Event: 3.847 GC heap after
{Heap after GC invocations=13 (full 0):
 garbage-first heap   total 231424K, used 64557K [0x0000000080000000, 0x0000000100000000)
  region size 1024K, 12 young (12288K), 12 survivors (12288K)
 Metaspace       used 59824K, committed 60416K, reserved 1114112K
  class space    used 8275K, committed 8576K, reserved 1048576K
}
Event: 4.522 GC heap before
{Heap before GC invocations=14 (full 0):
 garbage-first heap   total 225280K, used 181293K [0x0000000080000000, 0x0000000100000000)
  region size 1024K, 121 young (123904K), 12 survivors (12288K)
 Metaspace       used 69600K, committed 70208K, reserved 1114112K
  class space    used 9548K, committed 9856K, reserved 1048576K
}
Event: 4.528 GC heap after
{Heap after GC invocations=15 (full 0):
 garbage-first heap   total 225280K, used 72928K [0x0000000080000000, 0x0000000100000000)
  region size 1024K, 8 young (8192K), 8 survivors (8192K)
 Metaspace       used 69600K, committed 70208K, reserved 1114112K
  class space    used 9548K, committed 9856K, reserved 1048576K
}
Event: 5.137 GC heap before
{Heap before GC invocations=15 (full 0):
 garbage-first heap   total 225280K, used 178400K [0x0000000080000000, 0x0000000100000000)
  region size 1024K, 107 young (109568K), 8 survivors (8192K)
 Metaspace       used 78952K, committed 79616K, reserved 1179648K
  class space    used 10833K, committed 11136K, reserved 1048576K
}
Event: 5.142 GC heap after
{Heap after GC invocations=16 (full 0):
 garbage-first heap   total 225280K, used 82069K [0x0000000080000000, 0x0000000100000000)
  region size 1024K, 13 young (13312K), 13 survivors (13312K)
 Metaspace       used 78952K, committed 79616K, reserved 1179648K
  class space    used 10833K, committed 11136K, reserved 1048576K
}
Event: 5.680 GC heap before
{Heap before GC invocations=16 (full 0):
 garbage-first heap   total 225280K, used 177301K [0x0000000080000000, 0x0000000100000000)
  region size 1024K, 106 young (108544K), 13 survivors (13312K)
 Metaspace       used 84002K, committed 84608K, reserved 1179648K
  class space    used 11543K, committed 11840K, reserved 1048576K
}
Event: 5.688 GC heap after
{Heap after GC invocations=17 (full 0):
 garbage-first heap   total 225280K, used 88954K [0x0000000080000000, 0x0000000100000000)
  region size 1024K, 13 young (13312K), 13 survivors (13312K)
 Metaspace       used 84002K, committed 84608K, reserved 1179648K
  class space    used 11543K, committed 11840K, reserved 1048576K
}
Event: 6.187 GC heap before
{Heap before GC invocations=17 (full 0):
 garbage-first heap   total 225280K, used 178042K [0x0000000080000000, 0x0000000100000000)
  region size 1024K, 100 young (102400K), 13 survivors (13312K)
 Metaspace       used 90144K, committed 90816K, reserved 1179648K
  class space    used 12612K, committed 12928K, reserved 1048576K
}
Event: 6.194 GC heap after
{Heap after GC invocations=18 (full 0):
 garbage-first heap   total 225280K, used 93019K [0x0000000080000000, 0x0000000100000000)
  region size 1024K, 11 young (11264K), 11 survivors (11264K)
 Metaspace       used 90144K, committed 90816K, reserved 1179648K
  class space    used 12612K, committed 12928K, reserved 1048576K
}
Event: 6.829 GC heap before
{Heap before GC invocations=18 (full 0):
 garbage-first heap   total 225280K, used 182107K [0x0000000080000000, 0x0000000100000000)
  region size 1024K, 98 young (100352K), 11 survivors (11264K)
 Metaspace       used 97661K, committed 98432K, reserved 1179648K
  class space    used 13683K, committed 14080K, reserved 1048576K
}
Event: 6.835 GC heap after
{Heap after GC invocations=19 (full 0):
 garbage-first heap   total 225280K, used 97877K [0x0000000080000000, 0x0000000100000000)
  region size 1024K, 9 young (9216K), 9 survivors (9216K)
 Metaspace       used 97661K, committed 98432K, reserved 1179648K
  class space    used 13683K, committed 14080K, reserved 1048576K
}
Event: 7.193 GC heap before
{Heap before GC invocations=19 (full 0):
 garbage-first heap   total 225280K, used 146005K [0x0000000080000000, 0x0000000100000000)
  region size 1024K, 57 young (58368K), 9 survivors (9216K)
 Metaspace       used 100183K, committed 100928K, reserved 1179648K
  class space    used 14068K, committed 14464K, reserved 1048576K
}
Event: 7.200 GC heap after
{Heap after GC invocations=20 (full 0):
 garbage-first heap   total 225280K, used 101242K [0x0000000080000000, 0x0000000100000000)
  region size 1024K, 9 young (9216K), 9 survivors (9216K)
 Metaspace       used 100183K, committed 100928K, reserved 1179648K
  class space    used 14068K, committed 14464K, reserved 1048576K
}
Event: 7.521 GC heap before
{Heap before GC invocations=21 (full 0):
 garbage-first heap   total 225280K, used 183162K [0x0000000080000000, 0x0000000100000000)
  region size 1024K, 89 young (91136K), 9 survivors (9216K)
 Metaspace       used 101907K, committed 102720K, reserved 1179648K
  class space    used 14341K, committed 14784K, reserved 1048576K
}
Event: 7.530 GC heap after
{Heap after GC invocations=22 (full 0):
 garbage-first heap   total 225280K, used 108786K [0x0000000080000000, 0x0000000100000000)
  region size 1024K, 12 young (12288K), 12 survivors (12288K)
 Metaspace       used 101907K, committed 102720K, reserved 1179648K
  class space    used 14341K, committed 14784K, reserved 1048576K
}
Event: 7.534 GC heap before
{Heap before GC invocations=22 (full 0):
 garbage-first heap   total 225280K, used 108786K [0x0000000080000000, 0x0000000100000000)
  region size 1024K, 13 young (13312K), 12 survivors (12288K)
 Metaspace       used 101916K, committed 102784K, reserved 1179648K
  class space    used 14342K, committed 14784K, reserved 1048576K
}
Event: 7.540 GC heap after
{Heap after GC invocations=23 (full 0):
 garbage-first heap   total 225280K, used 109662K [0x0000000080000000, 0x0000000100000000)
  region size 1024K, 2 young (2048K), 2 survivors (2048K)
 Metaspace       used 101916K, committed 102784K, reserved 1179648K
  class space    used 14342K, committed 14784K, reserved 1048576K
}
Event: 7.800 GC heap before
{Heap before GC invocations=23 (full 0):
 garbage-first heap   total 225280K, used 183390K [0x0000000080000000, 0x0000000100000000)
  region size 1024K, 75 young (76800K), 2 survivors (2048K)
 Metaspace       used 102722K, committed 103552K, reserved 1179648K
  class space    used 14458K, committed 14848K, reserved 1048576K
}
Event: 7.805 GC heap after
{Heap after GC invocations=24 (full 0):
 garbage-first heap   total 270336K, used 113435K [0x0000000080000000, 0x0000000100000000)
  region size 1024K, 6 young (6144K), 6 survivors (6144K)
 Metaspace       used 102722K, committed 103552K, reserved 1179648K
  class space    used 14458K, committed 14848K, reserved 1048576K
}

