# JRE version: OpenJDK Runtime Environment (17.0.10) (build 17.0.10+0--11572160)
# Java VM: OpenJDK 64-Bit Server VM (17.0.10+0--11572160, mixed mode, tiered, compressed oops, compressed class ptrs, g1 gc, windows-amd64)
GC Precious Log:
 CPUs: 12 total, 12 available
 Memory: 24339M
 Large Page Support: Disabled
 NUMA Support: Disabled
 Compressed Oops: Enabled (32-bit)
 Heap Region Size: 1M
 Heap Min Capacity: 8M
 Heap Initial Capacity: 382M
 Heap Max Capacity: 2G
 Pre-touch: Disabled
 Parallel Workers: 10
 Concurrent Workers: 3
 Concurrent Refinement Workers: 10
 Periodic GC: Disabled
Heap:
 garbage-first heap   total 304128K, used 185558K [0x0000000080000000, 0x0000000100000000)
  region size 1024K, 43 young (44032K), 10 survivors (10240K)
 Metaspace       used 149801K, committed 150912K, reserved 1245184K
  class space    used 20680K, committed 21248K, reserved 1048576K
GC Heap History (20 events):
Event: 3664.414 GC heap before
{Heap before GC invocations=43 (full 1):
 garbage-first heap   total 286720K, used 232211K [0x0000000080000000, 0x0000000100000000)
  region size 1024K, 121 young (123904K), 0 survivors (0K)
 Metaspace       used 137651K, committed 138688K, reserved 1179648K
  class space    used 19389K, committed 19904K, reserved 1048576K
}
Event: 3664.424 GC heap after
{Heap after GC invocations=44 (full 1):
 garbage-first heap   total 286720K, used 122525K [0x0000000080000000, 0x0000000100000000)
  region size 1024K, 13 young (13312K), 13 survivors (13312K)
 Metaspace       used 137651K, committed 138688K, reserved 1179648K
  class space    used 19389K, committed 19904K, reserved 1048576K
}
Event: 3666.378 GC heap before
{Heap before GC invocations=44 (full 1):
 garbage-first heap   total 286720K, used 234141K [0x0000000080000000, 0x0000000100000000)
  region size 1024K, 117 young (119808K), 13 survivors (13312K)
 Metaspace       used 145149K, committed 146176K, reserved 1179648K
  class space    used 20246K, committed 20736K, reserved 1048576K
}
Event: 3666.395 GC heap after
{Heap after GC invocations=45 (full 1):
 garbage-first heap   total 286720K, used 125988K [0x0000000080000000, 0x0000000100000000)
  region size 1024K, 4 young (4096K), 4 survivors (4096K)
 Metaspace       used 145149K, committed 146176K, reserved 1179648K
  class space    used 20246K, committed 20736K, reserved 1048576K
}
Event: 3669.592 GC heap before
{Heap before GC invocations=45 (full 1):
 garbage-first heap   total 286720K, used 238628K [0x0000000080000000, 0x0000000100000000)
  region size 1024K, 107 young (109568K), 4 survivors (4096K)
 Metaspace       used 151766K, committed 152832K, reserved 1245184K
  class space    used 20905K, committed 21440K, reserved 1048576K
}
Event: 3669.598 GC heap after
{Heap after GC invocations=46 (full 1):
 garbage-first heap   total 286720K, used 131963K [0x0000000080000000, 0x0000000100000000)
  region size 1024K, 8 young (8192K), 8 survivors (8192K)
 Metaspace       used 151766K, committed 152832K, reserved 1245184K
  class space    used 20905K, committed 21440K, reserved 1048576K
}
Event: 3670.114 GC heap before
{Heap before GC invocations=46 (full 1):
 garbage-first heap   total 286720K, used 234363K [0x0000000080000000, 0x0000000100000000)
  region size 1024K, 107 young (109568K), 8 survivors (8192K)
 Metaspace       used 152832K, committed 153920K, reserved 1245184K
  class space    used 21034K, committed 21568K, reserved 1048576K
}
Event: 3670.124 GC heap after
{Heap after GC invocations=47 (full 1):
 garbage-first heap   total 286720K, used 141714K [0x0000000080000000, 0x0000000100000000)
  region size 1024K, 14 young (14336K), 14 survivors (14336K)
 Metaspace       used 152832K, committed 153920K, reserved 1245184K
  class space    used 21034K, committed 21568K, reserved 1048576K
}
Event: 3670.279 GC heap before
{Heap before GC invocations=47 (full 1):
 garbage-first heap   total 286720K, used 229778K [0x0000000080000000, 0x0000000100000000)
  region size 1024K, 101 young (103424K), 14 survivors (14336K)
 Metaspace       used 153143K, committed 154176K, reserved 1245184K
  class space    used 21034K, committed 21568K, reserved 1048576K
}
Event: 3670.290 GC heap after
{Heap after GC invocations=48 (full 1):
 garbage-first heap   total 286720K, used 150223K [0x0000000080000000, 0x0000000100000000)
  region size 1024K, 10 young (10240K), 10 survivors (10240K)
 Metaspace       used 153143K, committed 154176K, reserved 1245184K
  class space    used 21034K, committed 21568K, reserved 1048576K
}
Event: 3670.615 GC heap before
{Heap before GC invocations=48 (full 1):
 garbage-first heap   total 286720K, used 229071K [0x0000000080000000, 0x0000000100000000)
  region size 1024K, 88 young (90112K), 10 survivors (10240K)
 Metaspace       used 153707K, committed 154816K, reserved 1245184K
  class space    used 21079K, committed 21632K, reserved 1048576K
}
Event: 3670.619 GC heap after
{Heap after GC invocations=49 (full 1):
 garbage-first heap   total 286720K, used 146983K [0x0000000080000000, 0x0000000100000000)
  region size 1024K, 4 young (4096K), 4 survivors (4096K)
 Metaspace       used 153707K, committed 154816K, reserved 1245184K
  class space    used 21079K, committed 21632K, reserved 1048576K
}
Event: 3670.670 GC heap before
{Heap before GC invocations=49 (full 1):
 garbage-first heap   total 286720K, used 172583K [0x0000000080000000, 0x0000000100000000)
  region size 1024K, 10 young (10240K), 4 survivors (4096K)
 Metaspace       used 153812K, committed 154880K, reserved 1245184K
  class space    used 21087K, committed 21632K, reserved 1048576K
}
Event: 3670.674 GC heap after
{Heap after GC invocations=50 (full 1):
 garbage-first heap   total 286720K, used 167774K [0x0000000080000000, 0x0000000100000000)
  region size 1024K, 4 young (4096K), 4 survivors (4096K)
 Metaspace       used 153812K, committed 154880K, reserved 1245184K
  class space    used 21087K, committed 21632K, reserved 1048576K
}
Event: 4427.828 GC heap before
{Heap before GC invocations=51 (full 1):
 garbage-first heap   total 296960K, used 240211K [0x0000000080000000, 0x0000000100000000)
  region size 1024K, 72 young (73728K), 4 survivors (4096K)
 Metaspace       used 149506K, committed 150720K, reserved 1245184K
  class space    used 20650K, committed 21248K, reserved 1048576K
}
Event: 4427.837 GC heap after
{Heap after GC invocations=52 (full 1):
 garbage-first heap   total 296960K, used 146389K [0x0000000080000000, 0x0000000100000000)
  region size 1024K, 6 young (6144K), 6 survivors (6144K)
 Metaspace       used 149506K, committed 150720K, reserved 1245184K
  class space    used 20650K, committed 21248K, reserved 1048576K
}
Event: 4428.007 GC heap before
{Heap before GC invocations=52 (full 1):
 garbage-first heap   total 296960K, used 154581K [0x0000000080000000, 0x0000000100000000)
  region size 1024K, 14 young (14336K), 6 survivors (6144K)
 Metaspace       used 149571K, committed 150720K, reserved 1245184K
  class space    used 20653K, committed 21248K, reserved 1048576K
}
Event: 4428.019 GC heap after
{Heap after GC invocations=53 (full 1):
 garbage-first heap   total 296960K, used 147119K [0x0000000080000000, 0x0000000100000000)
  region size 1024K, 2 young (2048K), 2 survivors (2048K)
 Metaspace       used 149571K, committed 150720K, reserved 1245184K
  class space    used 20653K, committed 21248K, reserved 1048576K
}
Event: 4430.078 GC heap before
{Heap before GC invocations=53 (full 1):
 garbage-first heap   total 296960K, used 238255K [0x0000000080000000, 0x0000000100000000)
  region size 1024K, 93 young (95232K), 2 survivors (2048K)
 Metaspace       used 149801K, committed 150912K, reserved 1245184K
  class space    used 20680K, committed 21248K, reserved 1048576K
}
Event: 4430.086 GC heap after
{Heap after GC invocations=54 (full 1):
 garbage-first heap   total 296960K, used 154838K [0x0000000080000000, 0x0000000100000000)
  region size 1024K, 10 young (10240K), 10 survivors (10240K)
 Metaspace       used 149801K, committed 150912K, reserved 1245184K
  class space    used 20680K, committed 21248K, reserved 1048576K
}

