# JRE version: OpenJDK Runtime Environment (17.0.10) (build 17.0.10+0--11572160)
# Java VM: OpenJDK 64-Bit Server VM (17.0.10+0--11572160, mixed mode, tiered, compressed oops, compressed class ptrs, g1 gc, windows-amd64)
GC Precious Log:
 CPUs: 12 total, 12 available
 Memory: 24339M
 Large Page Support: Disabled
 NUMA Support: Disabled
 Compressed Oops: Enabled (32-bit)
 Heap Region Size: 1M
 Heap Min Capacity: 8M
 Heap Initial Capacity: 382M
 Heap Max Capacity: 2G
 Pre-touch: Disabled
 Parallel Workers: 10
 Concurrent Workers: 3
 Concurrent Refinement Workers: 10
 Periodic GC: Disabled
Heap:
 garbage-first heap   total 231424K, used 170365K [0x0000000080000000, 0x0000000100000000)
  region size 1024K, 98 young (100352K), 12 survivors (12288K)
 Metaspace       used 82867K, committed 83520K, reserved 1179648K
  class space    used 11335K, committed 11648K, reserved 1048576K
GC Heap History (20 events):
Event: 4.640 GC heap before
{Heap before GC invocations=9 (full 0):
 garbage-first heap   total 71680K, used 54243K [0x0000000080000000, 0x0000000100000000)
  region size 1024K, 32 young (32768K), 2 survivors (2048K)
 Metaspace       used 40781K, committed 41088K, reserved 1114112K
  class space    used 5421K, committed 5568K, reserved 1048576K
}
Event: 4.644 GC heap after
{Heap after GC invocations=10 (full 0):
 garbage-first heap   total 71680K, used 28171K [0x0000000080000000, 0x0000000100000000)
  region size 1024K, 4 young (4096K), 4 survivors (4096K)
 Metaspace       used 40781K, committed 41088K, reserved 1114112K
  class space    used 5421K, committed 5568K, reserved 1048576K
}
Event: 4.923 GC heap before
{Heap before GC invocations=10 (full 0):
 garbage-first heap   total 71680K, used 54795K [0x0000000080000000, 0x0000000100000000)
  region size 1024K, 31 young (31744K), 4 survivors (4096K)
 Metaspace       used 42118K, committed 42496K, reserved 1114112K
  class space    used 5614K, committed 5760K, reserved 1048576K
}
Event: 4.928 GC heap after
{Heap after GC invocations=11 (full 0):
 garbage-first heap   total 71680K, used 30030K [0x0000000080000000, 0x0000000100000000)
  region size 1024K, 2 young (2048K), 2 survivors (2048K)
 Metaspace       used 42118K, committed 42496K, reserved 1114112K
  class space    used 5614K, committed 5760K, reserved 1048576K
}
Event: 5.498 GC heap before
{Heap before GC invocations=11 (full 0):
 garbage-first heap   total 71680K, used 55630K [0x0000000080000000, 0x0000000100000000)
  region size 1024K, 28 young (28672K), 2 survivors (2048K)
 Metaspace       used 45480K, committed 45888K, reserved 1114112K
  class space    used 6191K, committed 6400K, reserved 1048576K
}
Event: 5.501 GC heap after
{Heap after GC invocations=12 (full 0):
 garbage-first heap   total 71680K, used 32016K [0x0000000080000000, 0x0000000100000000)
  region size 1024K, 4 young (4096K), 4 survivors (4096K)
 Metaspace       used 45480K, committed 45888K, reserved 1114112K
  class space    used 6191K, committed 6400K, reserved 1048576K
}
Event: 5.983 GC heap before
{Heap before GC invocations=12 (full 0):
 garbage-first heap   total 71680K, used 56592K [0x0000000080000000, 0x0000000100000000)
  region size 1024K, 28 young (28672K), 4 survivors (4096K)
 Metaspace       used 48685K, committed 49088K, reserved 1114112K
  class space    used 6674K, committed 6848K, reserved 1048576K
}
Event: 5.987 GC heap after
{Heap after GC invocations=13 (full 0):
 garbage-first heap   total 71680K, used 33349K [0x0000000080000000, 0x0000000100000000)
  region size 1024K, 2 young (2048K), 2 survivors (2048K)
 Metaspace       used 48685K, committed 49088K, reserved 1114112K
  class space    used 6674K, committed 6848K, reserved 1048576K
}
Event: 6.422 GC heap before
{Heap before GC invocations=13 (full 0):
 garbage-first heap   total 71680K, used 56901K [0x0000000080000000, 0x0000000100000000)
  region size 1024K, 25 young (25600K), 2 survivors (2048K)
 Metaspace       used 51271K, committed 51712K, reserved 1114112K
  class space    used 7099K, committed 7296K, reserved 1048576K
}
Event: 6.426 GC heap after
{Heap after GC invocations=14 (full 0):
 garbage-first heap   total 71680K, used 34530K [0x0000000080000000, 0x0000000100000000)
  region size 1024K, 3 young (3072K), 3 survivors (3072K)
 Metaspace       used 51271K, committed 51712K, reserved 1114112K
  class space    used 7099K, committed 7296K, reserved 1048576K
}
Event: 6.610 GC heap before
{Heap before GC invocations=15 (full 0):
 garbage-first heap   total 71680K, used 42722K [0x0000000080000000, 0x0000000100000000)
  region size 1024K, 13 young (13312K), 3 survivors (3072K)
 Metaspace       used 52291K, committed 52800K, reserved 1114112K
  class space    used 7281K, committed 7488K, reserved 1048576K
}
Event: 6.613 GC heap after
{Heap after GC invocations=16 (full 0):
 garbage-first heap   total 71680K, used 35368K [0x0000000080000000, 0x0000000100000000)
  region size 1024K, 3 young (3072K), 3 survivors (3072K)
 Metaspace       used 52291K, committed 52800K, reserved 1114112K
  class space    used 7281K, committed 7488K, reserved 1048576K
}
Event: 7.004 GC heap before
{Heap before GC invocations=17 (full 0):
 garbage-first heap   total 71680K, used 59944K [0x0000000080000000, 0x0000000100000000)
  region size 1024K, 25 young (25600K), 3 survivors (3072K)
 Metaspace       used 55392K, committed 55936K, reserved 1114112K
  class space    used 7650K, committed 7872K, reserved 1048576K
}
Event: 7.008 GC heap after
{Heap after GC invocations=18 (full 0):
 garbage-first heap   total 231424K, used 36451K [0x0000000080000000, 0x0000000100000000)
  region size 1024K, 2 young (2048K), 2 survivors (2048K)
 Metaspace       used 55392K, committed 55936K, reserved 1114112K
  class space    used 7650K, committed 7872K, reserved 1048576K
}
Event: 8.865 GC heap before
{Heap before GC invocations=18 (full 0):
 garbage-first heap   total 231424K, used 186979K [0x0000000080000000, 0x0000000100000000)
  region size 1024K, 135 young (138240K), 2 survivors (2048K)
 Metaspace       used 61666K, committed 62272K, reserved 1114112K
  class space    used 8477K, committed 8768K, reserved 1048576K
}
Event: 8.874 GC heap after
{Heap after GC invocations=19 (full 0):
 garbage-first heap   total 231424K, used 66236K [0x0000000080000000, 0x0000000100000000)
  region size 1024K, 17 young (17408K), 17 survivors (17408K)
 Metaspace       used 61666K, committed 62272K, reserved 1114112K
  class space    used 8477K, committed 8768K, reserved 1048576K
}
Event: 10.139 GC heap before
{Heap before GC invocations=19 (full 0):
 garbage-first heap   total 231424K, used 166588K [0x0000000080000000, 0x0000000100000000)
  region size 1024K, 110 young (112640K), 17 survivors (17408K)
 Metaspace       used 70072K, committed 70720K, reserved 1114112K
  class space    used 9566K, committed 9856K, reserved 1048576K
}
Event: 10.150 GC heap after
{Heap after GC invocations=20 (full 0):
 garbage-first heap   total 231424K, used 74109K [0x0000000080000000, 0x0000000100000000)
  region size 1024K, 7 young (7168K), 7 survivors (7168K)
 Metaspace       used 70072K, committed 70720K, reserved 1114112K
  class space    used 9566K, committed 9856K, reserved 1048576K
}
Event: 11.372 GC heap before
{Heap before GC invocations=20 (full 0):
 garbage-first heap   total 231424K, used 172413K [0x0000000080000000, 0x0000000100000000)
  region size 1024K, 100 young (102400K), 7 survivors (7168K)
 Metaspace       used 79032K, committed 79616K, reserved 1179648K
  class space    used 10804K, committed 11072K, reserved 1048576K
}
Event: 11.379 GC heap after
{Heap after GC invocations=21 (full 0):
 garbage-first heap   total 231424K, used 83325K [0x0000000080000000, 0x0000000100000000)
  region size 1024K, 12 young (12288K), 12 survivors (12288K)
 Metaspace       used 79032K, committed 79616K, reserved 1179648K
  class space    used 10804K, committed 11072K, reserved 1048576K
}

